<?xml version="1.0" encoding="UTF-8"?>
<testng-results ignored="0" total="1" passed="1" failed="0" skipped="0">
  <reporter-output>
    <line>
      <![CDATA[browser is created succesfulluy]]>
    </line>
    <line>
      <![CDATA[Instagram]]>
    </line>
  </reporter-output>
  <suite started-at="2025-03-12T19:57:44 IST" name="Suite" finished-at="2025-03-12T19:57:56 IST" duration-ms="11617">
    <groups>
    </groups>
    <test started-at="2025-03-12T19:57:44 IST" name="Test" finished-at="2025-03-12T19:57:56 IST" duration-ms="11617">
      <class name="com.jenkins.testscript.Open_Browser">
        <test-method signature="demo()[pri:0, instance:com.jenkins.testscript.Open_Browser@51399530]" started-at="2025-03-12T19:57:44 IST" name="demo" finished-at="2025-03-12T19:57:56 IST" duration-ms="11569" status="PASS">
          <reporter-output>
            <line>
              <![CDATA[browser is created succesfulluy]]>
            </line>
            <line>
              <![CDATA[Instagram]]>
            </line>
          </reporter-output>
        </test-method> <!-- demo -->
      </class> <!-- com.jenkins.testscript.Open_Browser -->
    </test> <!-- Test -->
  </suite> <!-- Suite -->
</testng-results>
